# JRE version: OpenJDK Runtime Environment Corretto-11.0.13.8.1 (11.0.13+8) (build 11.0.13+8-LTS)
# Java VM: OpenJDK 64-Bit Server VM Corretto-11.0.13.8.1 (11.0.13+8-LTS, mixed mode, tiered, compressed oops, g1 gc, windows-amd64)
Heap:
 garbage-first heap   total 846848K, used 301526K [0x0000000081600000, 0x0000000100000000)
  region size 1024K, 1 young (1024K), 1 survivors (1024K)
 Metaspace       used 52231K, capacity 52739K, committed 53040K, reserved 1097728K
  class space    used 5255K, capacity 5416K, committed 5504K, reserved 1048576K
GC Heap History (20 events):
Event: 4137.987 GC heap after
{Heap after GC invocations=1754 (full 3):
 garbage-first heap   total 351232K, used 301394K [0x0000000081600000, 0x0000000100000000)
  region size 1024K, 2 young (2048K), 2 survivors (2048K)
 Metaspace       used 52229K, capacity 52739K, committed 53040K, reserved 1097728K
  class space    used 5255K, capacity 5416K, committed 5504K, reserved 1048576K
}
Event: 4138.339 GC heap before
{Heap before GC invocations=1754 (full 3):
 garbage-first heap   total 351232K, used 316754K [0x0000000081600000, 0x0000000100000000)
  region size 1024K, 17 young (17408K), 2 survivors (2048K)
 Metaspace       used 52229K, capacity 52739K, committed 53040K, reserved 1097728K
  class space    used 5255K, capacity 5416K, committed 5504K, reserved 1048576K
}
Event: 4138.341 GC heap after
{Heap after GC invocations=1755 (full 3):
 garbage-first heap   total 351232K, used 301441K [0x0000000081600000, 0x0000000100000000)
  region size 1024K, 2 young (2048K), 2 survivors (2048K)
 Metaspace       used 52229K, capacity 52739K, committed 53040K, reserved 1097728K
  class space    used 5255K, capacity 5416K, committed 5504K, reserved 1048576K
}
Event: 4138.690 GC heap before
{Heap before GC invocations=1755 (full 3):
 garbage-first heap   total 351232K, used 315777K [0x0000000081600000, 0x0000000100000000)
  region size 1024K, 17 young (17408K), 2 survivors (2048K)
 Metaspace       used 52229K, capacity 52739K, committed 53040K, reserved 1097728K
  class space    used 5255K, capacity 5416K, committed 5504K, reserved 1048576K
}
Event: 4138.713 GC heap after
{Heap after GC invocations=1756 (full 3):
 garbage-first heap   total 351232K, used 301424K [0x0000000081600000, 0x0000000100000000)
  region size 1024K, 2 young (2048K), 2 survivors (2048K)
 Metaspace       used 52229K, capacity 52739K, committed 53040K, reserved 1097728K
  class space    used 5255K, capacity 5416K, committed 5504K, reserved 1048576K
}
Event: 4139.129 GC heap before
{Heap before GC invocations=1756 (full 3):
 garbage-first heap   total 351232K, used 315760K [0x0000000081600000, 0x0000000100000000)
  region size 1024K, 17 young (17408K), 2 survivors (2048K)
 Metaspace       used 52229K, capacity 52739K, committed 53040K, reserved 1097728K
  class space    used 5255K, capacity 5416K, committed 5504K, reserved 1048576K
}
Event: 4139.130 GC heap after
{Heap after GC invocations=1757 (full 3):
 garbage-first heap   total 351232K, used 301428K [0x0000000081600000, 0x0000000100000000)
  region size 1024K, 2 young (2048K), 2 survivors (2048K)
 Metaspace       used 52229K, capacity 52739K, committed 53040K, reserved 1097728K
  class space    used 5255K, capacity 5416K, committed 5504K, reserved 1048576K
}
Event: 4139.629 GC heap before
{Heap before GC invocations=1757 (full 3):
 garbage-first heap   total 351232K, used 316788K [0x0000000081600000, 0x0000000100000000)
  region size 1024K, 17 young (17408K), 2 survivors (2048K)
 Metaspace       used 52229K, capacity 52739K, committed 53040K, reserved 1097728K
  class space    used 5255K, capacity 5416K, committed 5504K, reserved 1048576K
}
Event: 4139.631 GC heap after
{Heap after GC invocations=1758 (full 3):
 garbage-first heap   total 351232K, used 301428K [0x0000000081600000, 0x0000000100000000)
  region size 1024K, 2 young (2048K), 2 survivors (2048K)
 Metaspace       used 52229K, capacity 52739K, committed 53040K, reserved 1097728K
  class space    used 5255K, capacity 5416K, committed 5504K, reserved 1048576K
}
Event: 4140.130 GC heap before
{Heap before GC invocations=1758 (full 3):
 garbage-first heap   total 351232K, used 316788K [0x0000000081600000, 0x0000000100000000)
  region size 1024K, 17 young (17408K), 2 survivors (2048K)
 Metaspace       used 52229K, capacity 52739K, committed 53040K, reserved 1097728K
  class space    used 5255K, capacity 5416K, committed 5504K, reserved 1048576K
}
Event: 4140.132 GC heap after
{Heap after GC invocations=1759 (full 3):
 garbage-first heap   total 351232K, used 301511K [0x0000000081600000, 0x0000000100000000)
  region size 1024K, 2 young (2048K), 2 survivors (2048K)
 Metaspace       used 52229K, capacity 52739K, committed 53040K, reserved 1097728K
  class space    used 5255K, capacity 5416K, committed 5504K, reserved 1048576K
}
Event: 4141.275 GC heap before
{Heap before GC invocations=1759 (full 3):
 garbage-first heap   total 351232K, used 316871K [0x0000000081600000, 0x0000000100000000)
  region size 1024K, 17 young (17408K), 2 survivors (2048K)
 Metaspace       used 52229K, capacity 52739K, committed 53040K, reserved 1097728K
  class space    used 5255K, capacity 5416K, committed 5504K, reserved 1048576K
}
Event: 4141.277 GC heap after
{Heap after GC invocations=1760 (full 3):
 garbage-first heap   total 351232K, used 301386K [0x0000000081600000, 0x0000000100000000)
  region size 1024K, 2 young (2048K), 2 survivors (2048K)
 Metaspace       used 52229K, capacity 52739K, committed 53040K, reserved 1097728K
  class space    used 5255K, capacity 5416K, committed 5504K, reserved 1048576K
}
Event: 4141.528 GC heap before
{Heap before GC invocations=1760 (full 3):
 garbage-first heap   total 351232K, used 316746K [0x0000000081600000, 0x0000000100000000)
  region size 1024K, 17 young (17408K), 2 survivors (2048K)
 Metaspace       used 52230K, capacity 52739K, committed 53040K, reserved 1097728K
  class space    used 5255K, capacity 5416K, committed 5504K, reserved 1048576K
}
Event: 4141.593 GC heap after
{Heap after GC invocations=1761 (full 3):
 garbage-first heap   total 351232K, used 301698K [0x0000000081600000, 0x0000000100000000)
  region size 1024K, 2 young (2048K), 2 survivors (2048K)
 Metaspace       used 52230K, capacity 52739K, committed 53040K, reserved 1097728K
  class space    used 5255K, capacity 5416K, committed 5504K, reserved 1048576K
}
Event: 4142.080 GC heap before
{Heap before GC invocations=1761 (full 3):
 garbage-first heap   total 351232K, used 317058K [0x0000000081600000, 0x0000000100000000)
  region size 1024K, 17 young (17408K), 2 survivors (2048K)
 Metaspace       used 52230K, capacity 52739K, committed 53040K, reserved 1097728K
  class space    used 5255K, capacity 5416K, committed 5504K, reserved 1048576K
}
Event: 4142.082 GC heap after
{Heap after GC invocations=1762 (full 3):
 garbage-first heap   total 351232K, used 301442K [0x0000000081600000, 0x0000000100000000)
  region size 1024K, 1 young (1024K), 1 survivors (1024K)
 Metaspace       used 52230K, capacity 52739K, committed 53040K, reserved 1097728K
  class space    used 5255K, capacity 5416K, committed 5504K, reserved 1048576K
}
Event: 4142.632 GC heap before
{Heap before GC invocations=1762 (full 3):
 garbage-first heap   total 351232K, used 317826K [0x0000000081600000, 0x0000000100000000)
  region size 1024K, 17 young (17408K), 1 survivors (1024K)
 Metaspace       used 52231K, capacity 52739K, committed 53040K, reserved 1097728K
  class space    used 5255K, capacity 5416K, committed 5504K, reserved 1048576K
}
Event: 4142.910 GC heap after
{Heap after GC invocations=1763 (full 3):
 garbage-first heap   total 351232K, used 301546K [0x0000000081600000, 0x0000000100000000)
  region size 1024K, 1 young (1024K), 1 survivors (1024K)
 Metaspace       used 52231K, capacity 52739K, committed 53040K, reserved 1097728K
  class space    used 5255K, capacity 5416K, committed 5504K, reserved 1048576K
}
Event: 4143.343 GC heap before
{Heap before GC invocations=1763 (full 3):
 garbage-first heap   total 351232K, used 317930K [0x0000000081600000, 0x0000000100000000)
  region size 1024K, 17 young (17408K), 1 survivors (1024K)
 Metaspace       used 52231K, capacity 52739K, committed 53040K, reserved 1097728K
  class space    used 5255K, capacity 5416K, committed 5504K, reserved 1048576K
}

