# JRE version: OpenJDK Runtime Environment Zulu11.52+13-CA (11.0.13+8) (build 11.0.13+8-LTS)
# Java VM: OpenJDK 64-Bit Server VM Zulu11.52+13-CA (11.0.13+8-LTS, mixed mode, tiered, compressed oops, g1 gc, windows-amd64)
Heap:
 garbage-first heap   total 525312K, used 370685K [0x0000000081600000, 0x0000000100000000)
  region size 1024K, 148 young (151552K), 21 survivors (21504K)
 Metaspace       used 53820K, capacity 54588K, committed 54912K, reserved 1097728K
  class space    used 5611K, capacity 5917K, committed 6016K, reserved 1048576K
GC Heap History (20 events):
Event: 1521.415 GC heap before
{Heap before GC invocations=512 (full 19):
 garbage-first heap   total 386048K, used 316269K [0x0000000081600000, 0x0000000100000000)
  region size 1024K, 75 young (76800K), 2 survivors (2048K)
 Metaspace       used 53730K, capacity 54511K, committed 54656K, reserved 1097728K
  class space    used 5610K, capacity 5915K, committed 6016K, reserved 1048576K
}
Event: 1521.418 GC heap after
{Heap after GC invocations=513 (full 19):
 garbage-first heap   total 386048K, used 243206K [0x0000000081600000, 0x0000000100000000)
  region size 1024K, 2 young (2048K), 2 survivors (2048K)
 Metaspace       used 53730K, capacity 54511K, committed 54656K, reserved 1097728K
  class space    used 5610K, capacity 5915K, committed 6016K, reserved 1048576K
}
Event: 1522.960 GC heap before
{Heap before GC invocations=514 (full 19):
 garbage-first heap   total 386048K, used 320006K [0x0000000081600000, 0x0000000100000000)
  region size 1024K, 78 young (79872K), 2 survivors (2048K)
 Metaspace       used 53734K, capacity 54517K, committed 54656K, reserved 1097728K
  class space    used 5611K, capacity 5916K, committed 6016K, reserved 1048576K
}
Event: 1522.964 GC heap after
{Heap after GC invocations=515 (full 19):
 garbage-first heap   total 386048K, used 246034K [0x0000000081600000, 0x0000000100000000)
  region size 1024K, 5 young (5120K), 5 survivors (5120K)
 Metaspace       used 53734K, capacity 54517K, committed 54656K, reserved 1097728K
  class space    used 5611K, capacity 5916K, committed 6016K, reserved 1048576K
}
Event: 1522.972 GC heap before
{Heap before GC invocations=515 (full 19):
 garbage-first heap   total 386048K, used 249106K [0x0000000081600000, 0x0000000100000000)
  region size 1024K, 9 young (9216K), 5 survivors (5120K)
 Metaspace       used 53734K, capacity 54517K, committed 54656K, reserved 1097728K
  class space    used 5611K, capacity 5916K, committed 6016K, reserved 1048576K
}
Event: 1523.081 GC heap after
{Heap after GC invocations=516 (full 20):
 garbage-first heap   total 386048K, used 221804K [0x0000000081600000, 0x0000000100000000)
  region size 1024K, 0 young (0K), 0 survivors (0K)
 Metaspace       used 53734K, capacity 54517K, committed 54656K, reserved 1097728K
  class space    used 5611K, capacity 5916K, committed 6016K, reserved 1048576K
}
Event: 1523.089 GC heap before
{Heap before GC invocations=516 (full 20):
 garbage-first heap   total 386048K, used 225900K [0x0000000081600000, 0x0000000100000000)
  region size 1024K, 5 young (5120K), 0 survivors (0K)
 Metaspace       used 53734K, capacity 54517K, committed 54656K, reserved 1097728K
  class space    used 5611K, capacity 5916K, committed 6016K, reserved 1048576K
}
Event: 1523.190 GC heap after
{Heap after GC invocations=517 (full 21):
 garbage-first heap   total 386048K, used 221990K [0x0000000081600000, 0x0000000100000000)
  region size 1024K, 0 young (0K), 0 survivors (0K)
 Metaspace       used 53734K, capacity 54517K, committed 54656K, reserved 1097728K
  class space    used 5611K, capacity 5916K, committed 6016K, reserved 1048576K
}
Event: 1523.207 GC heap before
{Heap before GC invocations=517 (full 21):
 garbage-first heap   total 386048K, used 227110K [0x0000000081600000, 0x0000000100000000)
  region size 1024K, 6 young (6144K), 0 survivors (0K)
 Metaspace       used 53735K, capacity 54517K, committed 54656K, reserved 1097728K
  class space    used 5611K, capacity 5916K, committed 6016K, reserved 1048576K
}
Event: 1523.319 GC heap after
{Heap after GC invocations=518 (full 22):
 garbage-first heap   total 386048K, used 220831K [0x0000000081600000, 0x0000000100000000)
  region size 1024K, 0 young (0K), 0 survivors (0K)
 Metaspace       used 53735K, capacity 54517K, committed 54656K, reserved 1097728K
  class space    used 5611K, capacity 5916K, committed 6016K, reserved 1048576K
}
Event: 1523.326 GC heap before
{Heap before GC invocations=518 (full 22):
 garbage-first heap   total 386048K, used 224927K [0x0000000081600000, 0x0000000100000000)
  region size 1024K, 5 young (5120K), 0 survivors (0K)
 Metaspace       used 53736K, capacity 54517K, committed 54656K, reserved 1097728K
  class space    used 5611K, capacity 5916K, committed 6016K, reserved 1048576K
}
Event: 1523.435 GC heap after
{Heap after GC invocations=519 (full 23):
 garbage-first heap   total 386048K, used 221016K [0x0000000081600000, 0x0000000100000000)
  region size 1024K, 0 young (0K), 0 survivors (0K)
 Metaspace       used 53736K, capacity 54517K, committed 54656K, reserved 1097728K
  class space    used 5611K, capacity 5916K, committed 6016K, reserved 1048576K
}
Event: 1523.728 GC heap before
{Heap before GC invocations=519 (full 23):
 garbage-first heap   total 438272K, used 414552K [0x0000000081600000, 0x0000000100000000)
  region size 1024K, 21 young (21504K), 0 survivors (0K)
 Metaspace       used 53773K, capacity 54523K, committed 54656K, reserved 1097728K
  class space    used 5611K, capacity 5917K, committed 6016K, reserved 1048576K
}
Event: 1523.733 GC heap after
{Heap after GC invocations=520 (full 23):
 garbage-first heap   total 438272K, used 224992K [0x0000000081600000, 0x0000000100000000)
  region size 1024K, 4 young (4096K), 4 survivors (4096K)
 Metaspace       used 53773K, capacity 54523K, committed 54656K, reserved 1097728K
  class space    used 5611K, capacity 5917K, committed 6016K, reserved 1048576K
}
Event: 1523.972 GC heap before
{Heap before GC invocations=521 (full 23):
 garbage-first heap   total 473088K, used 449248K [0x0000000081600000, 0x0000000100000000)
  region size 1024K, 21 young (21504K), 4 survivors (4096K)
 Metaspace       used 53780K, capacity 54523K, committed 54656K, reserved 1097728K
  class space    used 5611K, capacity 5917K, committed 6016K, reserved 1048576K
}
Event: 1523.977 GC heap after
{Heap after GC invocations=522 (full 23):
 garbage-first heap   total 473088K, used 225644K [0x0000000081600000, 0x0000000100000000)
  region size 1024K, 5 young (5120K), 5 survivors (5120K)
 Metaspace       used 53780K, capacity 54523K, committed 54656K, reserved 1097728K
  class space    used 5611K, capacity 5917K, committed 6016K, reserved 1048576K
}
Event: 1524.207 GC heap before
{Heap before GC invocations=523 (full 23):
 garbage-first heap   total 525312K, used 499052K [0x0000000081600000, 0x0000000100000000)
  region size 1024K, 19 young (19456K), 5 survivors (5120K)
 Metaspace       used 53794K, capacity 54524K, committed 54656K, reserved 1097728K
  class space    used 5611K, capacity 5917K, committed 6016K, reserved 1048576K
}
Event: 1524.211 GC heap after
{Heap after GC invocations=524 (full 23):
 garbage-first heap   total 525312K, used 226966K [0x0000000081600000, 0x0000000100000000)
  region size 1024K, 6 young (6144K), 6 survivors (6144K)
 Metaspace       used 53794K, capacity 54524K, committed 54656K, reserved 1097728K
  class space    used 5611K, capacity 5917K, committed 6016K, reserved 1048576K
}
Event: 1525.928 GC heap before
{Heap before GC invocations=525 (full 23):
 garbage-first heap   total 525312K, used 426646K [0x0000000081600000, 0x0000000100000000)
  region size 1024K, 167 young (171008K), 6 survivors (6144K)
 Metaspace       used 53802K, capacity 54524K, committed 54656K, reserved 1097728K
  class space    used 5611K, capacity 5917K, committed 6016K, reserved 1048576K
}
Event: 1525.935 GC heap after
{Heap after GC invocations=526 (full 23):
 garbage-first heap   total 525312K, used 242685K [0x0000000081600000, 0x0000000100000000)
  region size 1024K, 21 young (21504K), 21 survivors (21504K)
 Metaspace       used 53802K, capacity 54524K, committed 54656K, reserved 1097728K
  class space    used 5611K, capacity 5917K, committed 6016K, reserved 1048576K
}

