# JRE version: OpenJDK Runtime Environment Corretto-11.0.13.8.1 (11.0.13+8) (build 11.0.13+8-LTS)
# Java VM: OpenJDK 64-Bit Server VM Corretto-11.0.13.8.1 (11.0.13+8-LTS, mixed mode, tiered, compressed oops, g1 gc, windows-amd64)
Heap:
 garbage-first heap   total 530432K, used 289593K [0x0000000081600000, 0x0000000100000000)
  region size 1024K, 44 young (45056K), 11 survivors (11264K)
 Metaspace       used 53691K, capacity 54458K, committed 54704K, reserved 1097728K
  class space    used 5571K, capacity 5874K, committed 5888K, reserved 1048576K
GC Heap History (20 events):
Event: 713.755 GC heap before
{Heap before GC invocations=251 (full 50):
 garbage-first heap   total 530432K, used 457385K [0x0000000081600000, 0x0000000100000000)
  region size 1024K, 213 young (218112K), 12 survivors (12288K)
 Metaspace       used 53678K, capacity 54457K, committed 54704K, reserved 1097728K
  class space    used 5571K, capacity 5874K, committed 5888K, reserved 1048576K
}
Event: 713.761 GC heap after
{Heap after GC invocations=252 (full 50):
 garbage-first heap   total 530432K, used 253087K [0x0000000081600000, 0x0000000100000000)
  region size 1024K, 9 young (9216K), 9 survivors (9216K)
 Metaspace       used 53678K, capacity 54457K, committed 54704K, reserved 1097728K
  class space    used 5571K, capacity 5874K, committed 5888K, reserved 1048576K
}
Event: 717.463 GC heap before
{Heap before GC invocations=252 (full 50):
 garbage-first heap   total 530432K, used 458911K [0x0000000081600000, 0x0000000100000000)
  region size 1024K, 211 young (216064K), 9 survivors (9216K)
 Metaspace       used 53678K, capacity 54457K, committed 54704K, reserved 1097728K
  class space    used 5571K, capacity 5874K, committed 5888K, reserved 1048576K
}
Event: 717.471 GC heap after
{Heap after GC invocations=253 (full 50):
 garbage-first heap   total 530432K, used 253897K [0x0000000081600000, 0x0000000100000000)
  region size 1024K, 9 young (9216K), 9 survivors (9216K)
 Metaspace       used 53678K, capacity 54457K, committed 54704K, reserved 1097728K
  class space    used 5571K, capacity 5874K, committed 5888K, reserved 1048576K
}
Event: 720.799 GC heap before
{Heap before GC invocations=254 (full 50):
 garbage-first heap   total 530432K, used 459721K [0x0000000081600000, 0x0000000100000000)
  region size 1024K, 211 young (216064K), 9 survivors (9216K)
 Metaspace       used 53678K, capacity 54457K, committed 54704K, reserved 1097728K
  class space    used 5571K, capacity 5874K, committed 5888K, reserved 1048576K
}
Event: 720.807 GC heap after
{Heap after GC invocations=255 (full 50):
 garbage-first heap   total 530432K, used 254178K [0x0000000081600000, 0x0000000100000000)
  region size 1024K, 9 young (9216K), 9 survivors (9216K)
 Metaspace       used 53678K, capacity 54457K, committed 54704K, reserved 1097728K
  class space    used 5571K, capacity 5874K, committed 5888K, reserved 1048576K
}
Event: 724.872 GC heap before
{Heap before GC invocations=255 (full 50):
 garbage-first heap   total 530432K, used 460002K [0x0000000081600000, 0x0000000100000000)
  region size 1024K, 211 young (216064K), 9 survivors (9216K)
 Metaspace       used 53681K, capacity 54457K, committed 54704K, reserved 1097728K
  class space    used 5571K, capacity 5874K, committed 5888K, reserved 1048576K
}
Event: 724.878 GC heap after
{Heap after GC invocations=256 (full 50):
 garbage-first heap   total 530432K, used 254479K [0x0000000081600000, 0x0000000100000000)
  region size 1024K, 10 young (10240K), 10 survivors (10240K)
 Metaspace       used 53681K, capacity 54457K, committed 54704K, reserved 1097728K
  class space    used 5571K, capacity 5874K, committed 5888K, reserved 1048576K
}
Event: 728.473 GC heap before
{Heap before GC invocations=257 (full 50):
 garbage-first heap   total 530432K, used 460303K [0x0000000081600000, 0x0000000100000000)
  region size 1024K, 212 young (217088K), 10 survivors (10240K)
 Metaspace       used 53682K, capacity 54457K, committed 54704K, reserved 1097728K
  class space    used 5571K, capacity 5874K, committed 5888K, reserved 1048576K
}
Event: 728.478 GC heap after
{Heap after GC invocations=258 (full 50):
 garbage-first heap   total 530432K, used 254810K [0x0000000081600000, 0x0000000100000000)
  region size 1024K, 10 young (10240K), 10 survivors (10240K)
 Metaspace       used 53682K, capacity 54457K, committed 54704K, reserved 1097728K
  class space    used 5571K, capacity 5874K, committed 5888K, reserved 1048576K
}
Event: 731.468 GC heap before
{Heap before GC invocations=258 (full 50):
 garbage-first heap   total 530432K, used 460634K [0x0000000081600000, 0x0000000100000000)
  region size 1024K, 212 young (217088K), 10 survivors (10240K)
 Metaspace       used 53683K, capacity 54457K, committed 54704K, reserved 1097728K
  class space    used 5571K, capacity 5874K, committed 5888K, reserved 1048576K
}
Event: 731.475 GC heap after
{Heap after GC invocations=259 (full 50):
 garbage-first heap   total 530432K, used 255175K [0x0000000081600000, 0x0000000100000000)
  region size 1024K, 10 young (10240K), 10 survivors (10240K)
 Metaspace       used 53683K, capacity 54457K, committed 54704K, reserved 1097728K
  class space    used 5571K, capacity 5874K, committed 5888K, reserved 1048576K
}
Event: 734.340 GC heap before
{Heap before GC invocations=260 (full 50):
 garbage-first heap   total 530432K, used 460999K [0x0000000081600000, 0x0000000100000000)
  region size 1024K, 212 young (217088K), 10 survivors (10240K)
 Metaspace       used 53687K, capacity 54458K, committed 54704K, reserved 1097728K
  class space    used 5571K, capacity 5874K, committed 5888K, reserved 1048576K
}
Event: 734.346 GC heap after
{Heap after GC invocations=261 (full 50):
 garbage-first heap   total 530432K, used 255378K [0x0000000081600000, 0x0000000100000000)
  region size 1024K, 10 young (10240K), 10 survivors (10240K)
 Metaspace       used 53687K, capacity 54458K, committed 54704K, reserved 1097728K
  class space    used 5571K, capacity 5874K, committed 5888K, reserved 1048576K
}
Event: 738.100 GC heap before
{Heap before GC invocations=261 (full 50):
 garbage-first heap   total 530432K, used 461202K [0x0000000081600000, 0x0000000100000000)
  region size 1024K, 212 young (217088K), 10 survivors (10240K)
 Metaspace       used 53689K, capacity 54458K, committed 54704K, reserved 1097728K
  class space    used 5571K, capacity 5874K, committed 5888K, reserved 1048576K
}
Event: 738.108 GC heap after
{Heap after GC invocations=262 (full 50):
 garbage-first heap   total 530432K, used 255918K [0x0000000081600000, 0x0000000100000000)
  region size 1024K, 10 young (10240K), 10 survivors (10240K)
 Metaspace       used 53689K, capacity 54458K, committed 54704K, reserved 1097728K
  class space    used 5571K, capacity 5874K, committed 5888K, reserved 1048576K
}
Event: 740.576 GC heap before
{Heap before GC invocations=263 (full 50):
 garbage-first heap   total 530432K, used 461742K [0x0000000081600000, 0x0000000100000000)
  region size 1024K, 212 young (217088K), 10 survivors (10240K)
 Metaspace       used 53689K, capacity 54458K, committed 54704K, reserved 1097728K
  class space    used 5571K, capacity 5874K, committed 5888K, reserved 1048576K
}
Event: 740.581 GC heap after
{Heap after GC invocations=264 (full 50):
 garbage-first heap   total 530432K, used 255766K [0x0000000081600000, 0x0000000100000000)
  region size 1024K, 10 young (10240K), 10 survivors (10240K)
 Metaspace       used 53689K, capacity 54458K, committed 54704K, reserved 1097728K
  class space    used 5571K, capacity 5874K, committed 5888K, reserved 1048576K
}
Event: 743.579 GC heap before
{Heap before GC invocations=264 (full 50):
 garbage-first heap   total 530432K, used 461590K [0x0000000081600000, 0x0000000100000000)
  region size 1024K, 212 young (217088K), 10 survivors (10240K)
 Metaspace       used 53690K, capacity 54458K, committed 54704K, reserved 1097728K
  class space    used 5571K, capacity 5874K, committed 5888K, reserved 1048576K
}
Event: 743.585 GC heap after
{Heap after GC invocations=265 (full 50):
 garbage-first heap   total 530432K, used 256825K [0x0000000081600000, 0x0000000100000000)
  region size 1024K, 11 young (11264K), 11 survivors (11264K)
 Metaspace       used 53690K, capacity 54458K, committed 54704K, reserved 1097728K
  class space    used 5571K, capacity 5874K, committed 5888K, reserved 1048576K
}

