# JRE version: OpenJDK Runtime Environment Corretto-11.0.13.8.1 (11.0.13+8) (build 11.0.13+8-LTS)
# Java VM: OpenJDK 64-Bit Server VM Corretto-11.0.13.8.1 (11.0.13+8-LTS, mixed mode, tiered, compressed oops, g1 gc, windows-amd64)
Heap:
 garbage-first heap   total 560128K, used 457534K [0x0000000081600000, 0x0000000100000000)
  region size 1024K, 81 young (82944K), 13 survivors (13312K)
 Metaspace       used 55931K, capacity 56791K, committed 56880K, reserved 1099776K
  class space    used 5637K, capacity 5965K, committed 6016K, reserved 1048576K
GC Heap History (20 events):
Event: 965.182 GC heap before
{Heap before GC invocations=519 (full 45):
 garbage-first heap   total 551936K, used 457196K [0x0000000081600000, 0x0000000100000000)
  region size 1024K, 122 young (124928K), 8 survivors (8192K)
 Metaspace       used 55888K, capacity 56791K, committed 56880K, reserved 1099776K
  class space    used 5637K, capacity 5965K, committed 6016K, reserved 1048576K
}
Event: 965.187 GC heap after
{Heap after GC invocations=520 (full 45):
 garbage-first heap   total 551936K, used 343635K [0x0000000081600000, 0x0000000100000000)
  region size 1024K, 10 young (10240K), 10 survivors (10240K)
 Metaspace       used 55888K, capacity 56791K, committed 56880K, reserved 1099776K
  class space    used 5637K, capacity 5965K, committed 6016K, reserved 1048576K
}
Event: 967.205 GC heap before
{Heap before GC invocations=520 (full 45):
 garbage-first heap   total 551936K, used 461395K [0x0000000081600000, 0x0000000100000000)
  region size 1024K, 126 young (129024K), 10 survivors (10240K)
 Metaspace       used 55888K, capacity 56791K, committed 56880K, reserved 1099776K
  class space    used 5637K, capacity 5965K, committed 6016K, reserved 1048576K
}
Event: 967.210 GC heap after
{Heap after GC invocations=521 (full 45):
 garbage-first heap   total 551936K, used 345414K [0x0000000081600000, 0x0000000100000000)
  region size 1024K, 11 young (11264K), 11 survivors (11264K)
 Metaspace       used 55888K, capacity 56791K, committed 56880K, reserved 1099776K
  class space    used 5637K, capacity 5965K, committed 6016K, reserved 1048576K
}
Event: 967.213 GC heap before
{Heap before GC invocations=521 (full 45):
 garbage-first heap   total 551936K, used 347462K [0x0000000081600000, 0x0000000100000000)
  region size 1024K, 14 young (14336K), 11 survivors (11264K)
 Metaspace       used 55888K, capacity 56791K, committed 56880K, reserved 1099776K
  class space    used 5637K, capacity 5965K, committed 6016K, reserved 1048576K
}
Event: 967.362 GC heap after
{Heap after GC invocations=522 (full 46):
 garbage-first heap   total 558080K, used 331247K [0x0000000081600000, 0x0000000100000000)
  region size 1024K, 0 young (0K), 0 survivors (0K)
 Metaspace       used 55888K, capacity 56791K, committed 56880K, reserved 1099776K
  class space    used 5637K, capacity 5965K, committed 6016K, reserved 1048576K
}
Event: 967.371 GC heap before
{Heap before GC invocations=522 (full 46):
 garbage-first heap   total 558080K, used 335343K [0x0000000081600000, 0x0000000100000000)
  region size 1024K, 5 young (5120K), 0 survivors (0K)
 Metaspace       used 55888K, capacity 56791K, committed 56880K, reserved 1099776K
  class space    used 5637K, capacity 5965K, committed 6016K, reserved 1048576K
}
Event: 967.513 GC heap after
{Heap after GC invocations=523 (full 47):
 garbage-first heap   total 560128K, used 331443K [0x0000000081600000, 0x0000000100000000)
  region size 1024K, 0 young (0K), 0 survivors (0K)
 Metaspace       used 55888K, capacity 56791K, committed 56880K, reserved 1099776K
  class space    used 5637K, capacity 5965K, committed 6016K, reserved 1048576K
}
Event: 967.524 GC heap before
{Heap before GC invocations=523 (full 47):
 garbage-first heap   total 560128K, used 336563K [0x0000000081600000, 0x0000000100000000)
  region size 1024K, 6 young (6144K), 0 survivors (0K)
 Metaspace       used 55893K, capacity 56791K, committed 56880K, reserved 1099776K
  class space    used 5637K, capacity 5965K, committed 6016K, reserved 1048576K
}
Event: 967.662 GC heap after
{Heap after GC invocations=524 (full 48):
 garbage-first heap   total 560128K, used 329414K [0x0000000081600000, 0x0000000100000000)
  region size 1024K, 0 young (0K), 0 survivors (0K)
 Metaspace       used 55893K, capacity 56791K, committed 56880K, reserved 1099776K
  class space    used 5637K, capacity 5965K, committed 6016K, reserved 1048576K
}
Event: 967.670 GC heap before
{Heap before GC invocations=524 (full 48):
 garbage-first heap   total 560128K, used 333510K [0x0000000081600000, 0x0000000100000000)
  region size 1024K, 5 young (5120K), 0 survivors (0K)
 Metaspace       used 55893K, capacity 56791K, committed 56880K, reserved 1099776K
  class space    used 5637K, capacity 5965K, committed 6016K, reserved 1048576K
}
Event: 967.810 GC heap after
{Heap after GC invocations=525 (full 49):
 garbage-first heap   total 560128K, used 329588K [0x0000000081600000, 0x0000000100000000)
  region size 1024K, 0 young (0K), 0 survivors (0K)
 Metaspace       used 55893K, capacity 56791K, committed 56880K, reserved 1099776K
  class space    used 5637K, capacity 5965K, committed 6016K, reserved 1048576K
}
Event: 967.911 GC heap before
{Heap before GC invocations=525 (full 49):
 garbage-first heap   total 560128K, used 395124K [0x0000000081600000, 0x0000000100000000)
  region size 1024K, 15 young (15360K), 0 survivors (0K)
 Metaspace       used 55908K, capacity 56791K, committed 56880K, reserved 1099776K
  class space    used 5637K, capacity 5965K, committed 6016K, reserved 1048576K
}
Event: 967.914 GC heap after
{Heap after GC invocations=526 (full 49):
 garbage-first heap   total 560128K, used 332869K [0x0000000081600000, 0x0000000100000000)
  region size 1024K, 4 young (4096K), 4 survivors (4096K)
 Metaspace       used 55908K, capacity 56791K, committed 56880K, reserved 1099776K
  class space    used 5637K, capacity 5965K, committed 6016K, reserved 1048576K
}
Event: 969.181 GC heap before
{Heap before GC invocations=527 (full 49):
 garbage-first heap   total 560128K, used 521232K [0x0000000081600000, 0x0000000100000000)
  region size 1024K, 138 young (141312K), 4 survivors (4096K)
 Metaspace       used 55910K, capacity 56791K, committed 56880K, reserved 1099776K
  class space    used 5637K, capacity 5965K, committed 6016K, reserved 1048576K
}
Event: 969.187 GC heap after
{Heap after GC invocations=528 (full 49):
 garbage-first heap   total 560128K, used 346649K [0x0000000081600000, 0x0000000100000000)
  region size 1024K, 17 young (17408K), 17 survivors (17408K)
 Metaspace       used 55910K, capacity 56791K, committed 56880K, reserved 1099776K
  class space    used 5637K, capacity 5965K, committed 6016K, reserved 1048576K
}
Event: 969.512 GC heap before
{Heap before GC invocations=528 (full 49):
 garbage-first heap   total 560128K, used 429593K [0x0000000081600000, 0x0000000100000000)
  region size 1024K, 48 young (49152K), 17 survivors (17408K)
 Metaspace       used 55927K, capacity 56791K, committed 56880K, reserved 1099776K
  class space    used 5637K, capacity 5965K, committed 6016K, reserved 1048576K
}
Event: 969.517 GC heap after
{Heap after GC invocations=529 (full 49):
 garbage-first heap   total 560128K, used 348162K [0x0000000081600000, 0x0000000100000000)
  region size 1024K, 8 young (8192K), 8 survivors (8192K)
 Metaspace       used 55927K, capacity 56791K, committed 56880K, reserved 1099776K
  class space    used 5637K, capacity 5965K, committed 6016K, reserved 1048576K
}
Event: 970.318 GC heap before
{Heap before GC invocations=530 (full 49):
 garbage-first heap   total 560128K, used 485378K [0x0000000081600000, 0x0000000100000000)
  region size 1024K, 76 young (77824K), 8 survivors (8192K)
 Metaspace       used 55931K, capacity 56791K, committed 56880K, reserved 1099776K
  class space    used 5637K, capacity 5965K, committed 6016K, reserved 1048576K
}
Event: 970.324 GC heap after
{Heap after GC invocations=531 (full 49):
 garbage-first heap   total 560128K, used 355134K [0x0000000081600000, 0x0000000100000000)
  region size 1024K, 13 young (13312K), 13 survivors (13312K)
 Metaspace       used 55931K, capacity 56791K, committed 56880K, reserved 1099776K
  class space    used 5637K, capacity 5965K, committed 6016K, reserved 1048576K
}

