# JRE version: OpenJDK Runtime Environment Corretto-11.0.13.8.1 (11.0.13+8) (build 11.0.13+8-LTS)
# Java VM: OpenJDK 64-Bit Server VM Corretto-11.0.13.8.1 (11.0.13+8-LTS, mixed mode, tiered, compressed oops, g1 gc, windows-amd64)
Heap:
 garbage-first heap   total 501760K, used 374721K [0x0000000081600000, 0x0000000100000000)
  region size 1024K, 46 young (47104K), 9 survivors (9216K)
 Metaspace       used 53675K, capacity 54478K, committed 54704K, reserved 1097728K
  class space    used 5569K, capacity 5877K, committed 5888K, reserved 1048576K
GC Heap History (20 events):
Event: 573.480 GC heap before
{Heap before GC invocations=377 (full 48):
 garbage-first heap   total 493568K, used 447415K [0x0000000081600000, 0x0000000100000000)
  region size 1024K, 129 young (132096K), 8 survivors (8192K)
 Metaspace       used 53632K, capacity 54460K, committed 54704K, reserved 1097728K
  class space    used 5568K, capacity 5874K, committed 5888K, reserved 1048576K
}
Event: 573.485 GC heap after
{Heap after GC invocations=378 (full 48):
 garbage-first heap   total 493568K, used 305421K [0x0000000081600000, 0x0000000100000000)
  region size 1024K, 7 young (7168K), 7 survivors (7168K)
 Metaspace       used 53632K, capacity 54460K, committed 54704K, reserved 1097728K
  class space    used 5568K, capacity 5874K, committed 5888K, reserved 1048576K
}
Event: 580.472 GC heap before
{Heap before GC invocations=378 (full 48):
 garbage-first heap   total 493568K, used 430349K [0x0000000081600000, 0x0000000100000000)
  region size 1024K, 129 young (132096K), 7 survivors (7168K)
 Metaspace       used 53635K, capacity 54460K, committed 54704K, reserved 1097728K
  class space    used 5568K, capacity 5874K, committed 5888K, reserved 1048576K
}
Event: 580.477 GC heap after
{Heap after GC invocations=379 (full 48):
 garbage-first heap   total 493568K, used 305555K [0x0000000081600000, 0x0000000100000000)
  region size 1024K, 7 young (7168K), 7 survivors (7168K)
 Metaspace       used 53635K, capacity 54460K, committed 54704K, reserved 1097728K
  class space    used 5568K, capacity 5874K, committed 5888K, reserved 1048576K
}
Event: 581.921 GC heap before
{Heap before GC invocations=379 (full 48):
 garbage-first heap   total 493568K, used 333203K [0x0000000081600000, 0x0000000100000000)
  region size 1024K, 35 young (35840K), 7 survivors (7168K)
 Metaspace       used 53635K, capacity 54460K, committed 54704K, reserved 1097728K
  class space    used 5568K, capacity 5874K, committed 5888K, reserved 1048576K
}
Event: 582.083 GC heap after
{Heap after GC invocations=380 (full 49):
 garbage-first heap   total 496640K, used 295622K [0x0000000081600000, 0x0000000100000000)
  region size 1024K, 0 young (0K), 0 survivors (0K)
 Metaspace       used 53635K, capacity 54460K, committed 54704K, reserved 1097728K
  class space    used 5568K, capacity 5874K, committed 5888K, reserved 1048576K
}
Event: 582.095 GC heap before
{Heap before GC invocations=380 (full 49):
 garbage-first heap   total 496640K, used 299718K [0x0000000081600000, 0x0000000100000000)
  region size 1024K, 5 young (5120K), 0 survivors (0K)
 Metaspace       used 53635K, capacity 54460K, committed 54704K, reserved 1097728K
  class space    used 5568K, capacity 5874K, committed 5888K, reserved 1048576K
}
Event: 582.227 GC heap after
{Heap after GC invocations=381 (full 50):
 garbage-first heap   total 501760K, used 295811K [0x0000000081600000, 0x0000000100000000)
  region size 1024K, 0 young (0K), 0 survivors (0K)
 Metaspace       used 53635K, capacity 54460K, committed 54704K, reserved 1097728K
  class space    used 5568K, capacity 5874K, committed 5888K, reserved 1048576K
}
Event: 582.241 GC heap before
{Heap before GC invocations=381 (full 50):
 garbage-first heap   total 501760K, used 300931K [0x0000000081600000, 0x0000000100000000)
  region size 1024K, 6 young (6144K), 0 survivors (0K)
 Metaspace       used 53637K, capacity 54460K, committed 54704K, reserved 1097728K
  class space    used 5568K, capacity 5874K, committed 5888K, reserved 1048576K
}
Event: 582.361 GC heap after
{Heap after GC invocations=382 (full 51):
 garbage-first heap   total 501760K, used 294059K [0x0000000081600000, 0x0000000100000000)
  region size 1024K, 0 young (0K), 0 survivors (0K)
 Metaspace       used 53637K, capacity 54460K, committed 54704K, reserved 1097728K
  class space    used 5568K, capacity 5874K, committed 5888K, reserved 1048576K
}
Event: 582.371 GC heap before
{Heap before GC invocations=382 (full 51):
 garbage-first heap   total 501760K, used 298155K [0x0000000081600000, 0x0000000100000000)
  region size 1024K, 5 young (5120K), 0 survivors (0K)
 Metaspace       used 53637K, capacity 54460K, committed 54704K, reserved 1097728K
  class space    used 5568K, capacity 5874K, committed 5888K, reserved 1048576K
}
Event: 582.508 GC heap after
{Heap after GC invocations=383 (full 52):
 garbage-first heap   total 501760K, used 294239K [0x0000000081600000, 0x0000000100000000)
  region size 1024K, 0 young (0K), 0 survivors (0K)
 Metaspace       used 53637K, capacity 54460K, committed 54704K, reserved 1097728K
  class space    used 5568K, capacity 5874K, committed 5888K, reserved 1048576K
}
Event: 584.162 GC heap before
{Heap before GC invocations=383 (full 52):
 garbage-first heap   total 501760K, used 449887K [0x0000000081600000, 0x0000000100000000)
  region size 1024K, 136 young (139264K), 0 survivors (0K)
 Metaspace       used 53651K, capacity 54460K, committed 54704K, reserved 1097728K
  class space    used 5568K, capacity 5874K, committed 5888K, reserved 1048576K
}
Event: 584.168 GC heap after
{Heap after GC invocations=384 (full 52):
 garbage-first heap   total 501760K, used 312665K [0x0000000081600000, 0x0000000100000000)
  region size 1024K, 17 young (17408K), 17 survivors (17408K)
 Metaspace       used 53651K, capacity 54460K, committed 54704K, reserved 1097728K
  class space    used 5568K, capacity 5874K, committed 5888K, reserved 1048576K
}
Event: 587.585 GC heap before
{Heap before GC invocations=384 (full 52):
 garbage-first heap   total 501760K, used 445785K [0x0000000081600000, 0x0000000100000000)
  region size 1024K, 131 young (134144K), 17 survivors (17408K)
 Metaspace       used 53660K, capacity 54460K, committed 54704K, reserved 1097728K
  class space    used 5568K, capacity 5874K, committed 5888K, reserved 1048576K
}
Event: 587.593 GC heap after
{Heap after GC invocations=385 (full 52):
 garbage-first heap   total 501760K, used 324116K [0x0000000081600000, 0x0000000100000000)
  region size 1024K, 14 young (14336K), 14 survivors (14336K)
 Metaspace       used 53660K, capacity 54460K, committed 54704K, reserved 1097728K
  class space    used 5568K, capacity 5874K, committed 5888K, reserved 1048576K
}
Event: 588.821 GC heap before
{Heap before GC invocations=385 (full 52):
 garbage-first heap   total 501760K, used 423444K [0x0000000081600000, 0x0000000100000000)
  region size 1024K, 112 young (114688K), 14 survivors (14336K)
 Metaspace       used 53660K, capacity 54460K, committed 54704K, reserved 1097728K
  class space    used 5568K, capacity 5874K, committed 5888K, reserved 1048576K
}
Event: 588.826 GC heap after
{Heap after GC invocations=386 (full 52):
 garbage-first heap   total 501760K, used 333759K [0x0000000081600000, 0x0000000100000000)
  region size 1024K, 12 young (12288K), 12 survivors (12288K)
 Metaspace       used 53660K, capacity 54460K, committed 54704K, reserved 1097728K
  class space    used 5568K, capacity 5874K, committed 5888K, reserved 1048576K
}
Event: 589.952 GC heap before
{Heap before GC invocations=386 (full 52):
 garbage-first heap   total 501760K, used 456639K [0x0000000081600000, 0x0000000100000000)
  region size 1024K, 99 young (101376K), 12 survivors (12288K)
 Metaspace       used 53663K, capacity 54460K, committed 54704K, reserved 1097728K
  class space    used 5568K, capacity 5874K, committed 5888K, reserved 1048576K
}
Event: 589.957 GC heap after
{Heap after GC invocations=387 (full 52):
 garbage-first heap   total 501760K, used 336833K [0x0000000081600000, 0x0000000100000000)
  region size 1024K, 9 young (9216K), 9 survivors (9216K)
 Metaspace       used 53663K, capacity 54460K, committed 54704K, reserved 1097728K
  class space    used 5568K, capacity 5874K, committed 5888K, reserved 1048576K
}

